<?xml version="1.0" encoding="UTF-8" ?>
<testsuites>
<testsuite name="multiply" errors="0" tests="2" failures="0" time="0.028" timestamp="2016-05-21T00:35:13">
  <testcase classname="multiply" name="should multiply 2 and 3" time="0.01"></testcase>
  <testcase classname="multiply" name="should add 3 and 5" time="0.003"></testcase>
</testsuite>
</testsuites>