<?xml version="1.0" encoding="UTF-8" ?>
<testsuites>
<testsuite name="add" errors="0" tests="2" failures="0" time="0.036" timestamp="2016-05-21T00:34:46">
  <testcase classname="add" name="should multiply 2 and 3" time="0.011"></testcase>
  <testcase classname="add" name="should add 3 and 5" time="0.003"></testcase>
</testsuite>
</testsuites>