<?xml version="1.0" encoding="UTF-8" ?>
<testsuites>
<testsuite name="precedence" errors="0" tests="1" failures="0" time="0.006" timestamp="2016-05-23T22:14:19">
  <testcase classname="precedence" name="check precedence" time="0.003"></testcase>
</testsuite>
</testsuites>