<?xml version="1.0" encoding="UTF-8" ?>
<testsuites>
<testsuite name="add" errors="0" tests="2" failures="0" time="0.004" timestamp="2016-08-10T20:44:37">
  <testcase classname="add" name="should multiply 2 and 3" time="0.001"></testcase>
  <testcase classname="add" name="should add 3 and 5" time="0"></testcase>
</testsuite>
</testsuites>