<?xml version="1.0" encoding="UTF-8" ?>
<testsuites>
<testsuite name="isNumeric" errors="0" tests="1" failures="0" time="0.004" timestamp="2016-05-23T22:13:41">
  <testcase classname="isNumeric" name="identify number or isNaN" time="0.002"></testcase>
</testsuite>
</testsuites>