<?xml version="1.0" encoding="UTF-8" ?>
<testsuites>
<testsuite name="add" errors="0" tests="2" failures="0" time="0.006" timestamp="2016-07-15T16:08:48">
  <testcase classname="add" name="should multiply 2 and 3" time="0.002"></testcase>
  <testcase classname="add" name="should add 3 and 5" time="0.001"></testcase>
</testsuite>
</testsuites>