<?xml version="1.0" encoding="UTF-8" ?>
<testsuites>
<testsuite name="Task C3Q1" errors="0" tests="1" failures="1" time="0.016" timestamp="2016-05-14T14:26:05">
  <testcase classname="Task C3Q1" name="Test the operators for the value of the exponent precedence" time="0"><failure type="expect" message="ReferenceError: operators is not defined">ReferenceError: operators is not defined
    at null.&amp;lt;anonymous&amp;gt; (C:\Program Files (x86)\Ampps\www\Jasmine-tut_tarek2\Jasmine_Tutorial_Code tarek\spec\C3Q2spec.js:5:16)
    at jasmine.Block.execute (C:\Users\Magnus\AppData\Roaming\npm\node_modules\jasmine-node\lib\jasmine-node/jasmine-1.3.1.js:1145:17)
    at jasmine.Queue.next_ (C:\Users\Magnus\AppData\Roaming\npm\node_modules\jasmine-node\lib\jasmine-node/jasmine-1.3.1.js:2177:31)
    at jasmine.Queue.start (C:\Users\Magnus\AppData\Roaming\npm\node_modules\jasmine-node\lib\jasmine-node/jasmine-1.3.1.js:2130:8)
    at jasmine.Spec.execute (C:\Users\Magnus\AppData\Roaming\npm\node_modules\jasmine-node\lib\jasmine-node/jasmine-1.3.1.js:2458:14)
    at jasmine.Queue.next_ (C:\Users\Magnus\AppData\Roaming\npm\node_modules\jasmine-node\lib\jasmine-node/jasmine-1.3.1.js:2177:31)
    at jasmine.Queue.start (C:\Users\Magnus\AppData\Roaming\npm\node_modules\jasmine-node\lib\jasmine-node/jasmine-1.3.1.js:2130:8)
    at jasmine.Suite.execute (C:\Users\Magnus\AppData\Roaming\npm\node_modules\jasmine-node\lib\jasmine-node/jasmine-1.3.1.js:2604:14)
    at jasmine.Queue.next_ (C:\Users\Magnus\AppData\Roaming\npm\node_modules\jasmine-node\lib\jasmine-node/jasmine-1.3.1.js:2177:31)
    at jasmine.Queue.start (C:\Users\Magnus\AppData\Roaming\npm\node_modules\jasmine-node\lib\jasmine-node/jasmine-1.3.1.js:2130:8)</failure></testcase>
</testsuite>
</testsuites>