<?xml version="1.0" encoding="UTF-8" ?>
<testsuites>
<testsuite name="multiplication" errors="0" tests="2" failures="0" time="0.015" timestamp="2016-05-12T14:30:01">
  <testcase classname="multiplication" name="should multiply 2 and 3" time="0.004"></testcase>
  <testcase classname="multiplication" name="should multiply 3 and 5" time="0"></testcase>
</testsuite>
</testsuites>