<?xml version="1.0" encoding="UTF-8" ?>
<testsuites>
<testsuite name="multiplication" errors="0" tests="1" failures="0" time="0.004" timestamp="2016-05-24T14:15:25">
  <testcase classname="multiplication" name="should multiply 2 and 3" time="0.002"></testcase>
</testsuite>
</testsuites>