<?xml version="1.0" encoding="UTF-8" ?>
<testsuites>
<testsuite name="multiplication" errors="0" tests="2" failures="1" time="0.008" timestamp="2016-04-28T20:02:23">
  <testcase classname="multiplication" name="should multiply 2 and 3" time="0.003"></testcase>
  <testcase classname="multiplication" name="should multiply 3 and 5" time="0.001"><failure type="expect" message="Expected 10 to be 15.">Error: Expected 10 to be 15.
    at new jasmine.ExpectationResult (C:\Users\Ragnar\AppData\Roaming\npm\node_modules\jasmine-node\lib\jasmine-node/jasmine-1.3.1.js:114:32)
    at null.toBe (C:\Users\Ragnar\AppData\Roaming\npm\node_modules\jasmine-node\lib\jasmine-node/jasmine-1.3.1.js:1316:29)
    at null.&amp;lt;anonymous&amp;gt; (C:\Users\Ragnar\calculator\spec\calculator-spec.js:13:21)
    at jasmine.Block.execute (C:\Users\Ragnar\AppData\Roaming\npm\node_modules\jasmine-node\lib\jasmine-node/jasmine-1.3.1.js:1145:17)
    at jasmine.Queue.next_ (C:\Users\Ragnar\AppData\Roaming\npm\node_modules\jasmine-node\lib\jasmine-node/jasmine-1.3.1.js:2177:31)
    at jasmine.Queue.start (C:\Users\Ragnar\AppData\Roaming\npm\node_modules\jasmine-node\lib\jasmine-node/jasmine-1.3.1.js:2130:8)
    at jasmine.Spec.execute (C:\Users\Ragnar\AppData\Roaming\npm\node_modules\jasmine-node\lib\jasmine-node/jasmine-1.3.1.js:2458:14)
    at jasmine.Queue.next_ (C:\Users\Ragnar\AppData\Roaming\npm\node_modules\jasmine-node\lib\jasmine-node/jasmine-1.3.1.js:2177:31)
    at onComplete (C:\Users\Ragnar\AppData\Roaming\npm\node_modules\jasmine-node\lib\jasmine-node/jasmine-1.3.1.js:2173:18)
    at jasmine.Spec.finish (C:\Users\Ragnar\AppData\Roaming\npm\node_modules\jasmine-node\lib\jasmine-node/jasmine-1.3.1.js:2432:5)</failure></testcase>
</testsuite>
</testsuites>