<?xml version="1.0" encoding="UTF-8" ?>
<testsuites>
<testsuite name="list" errors="0" tests="1" failures="1" time="0.064" timestamp="2016-05-27T23:50:24">
  <testcase classname="list" name="count 1&amp;apos;s" time="0.023"><failure type="expect" message="ReferenceError: count is not defined">ReferenceError: count is not defined
    at Object.exports.Count (C:\Program Files (x86)\Ampps\www\Calculator_test\Jasmine_Code\npm\node_modules\jasmine\bin\src\C2Q4.js:2:26)
    at null.&amp;lt;anonymous&amp;gt; (C:\Program Files (x86)\Ampps\www\Calculator_test\Jasmine_Code\npm\node_modules\jasmine\bin\spec\C2Q4-spec.js:5:30)
    at jasmine.Block.execute (C:\Users\Magnus\AppData\Roaming\npm\node_modules\jasmine-node\lib\jasmine-node/jasmine-1.3.1.js:1145:17)
    at jasmine.Queue.next_ (C:\Users\Magnus\AppData\Roaming\npm\node_modules\jasmine-node\lib\jasmine-node/jasmine-1.3.1.js:2177:31)
    at jasmine.Queue.start (C:\Users\Magnus\AppData\Roaming\npm\node_modules\jasmine-node\lib\jasmine-node/jasmine-1.3.1.js:2130:8)
    at jasmine.Spec.execute (C:\Users\Magnus\AppData\Roaming\npm\node_modules\jasmine-node\lib\jasmine-node/jasmine-1.3.1.js:2458:14)
    at jasmine.Queue.next_ (C:\Users\Magnus\AppData\Roaming\npm\node_modules\jasmine-node\lib\jasmine-node/jasmine-1.3.1.js:2177:31)
    at jasmine.Queue.start (C:\Users\Magnus\AppData\Roaming\npm\node_modules\jasmine-node\lib\jasmine-node/jasmine-1.3.1.js:2130:8)
    at jasmine.Suite.execute (C:\Users\Magnus\AppData\Roaming\npm\node_modules\jasmine-node\lib\jasmine-node/jasmine-1.3.1.js:2604:14)
    at jasmine.Queue.next_ (C:\Users\Magnus\AppData\Roaming\npm\node_modules\jasmine-node\lib\jasmine-node/jasmine-1.3.1.js:2177:31)</failure></testcase>
</testsuite>
</testsuites>